<?xml version="1.0" encoding="UTF-8"?>
<!-- Generated by org.testng.reporters.JUnitXMLReporter -->
<testsuite hostname="SEZ-LAP-123" ignored="13" name="Default test" tests="1" failures="0" timestamp="30 Oct 2020 14:52:49 GMT" time="0.058" errors="0">
  <testcase name="@BeforeClass beforeClass" time="0.0" classname="testcases.RAIS.CRUD_Operation_Tests">
    <failure type="org.testng.TestNGException" message="
Parameter &amp;apos;browserType&amp;apos; is required by BeforeClass on method beforeClass but has not been marked @Optional or defined
in C:\Users\rajeev.ramnathan\AppData\Local\Temp\testng-eclipse--105787655\testng-customsuite.xml">
      <![CDATA[org.testng.TestNGException: 
Parameter 'browserType' is required by BeforeClass on method beforeClass but has not been marked @Optional or defined
in C:\Users\rajeev.ramnathan\AppData\Local\Temp\testng-eclipse--105787655\testng-customsuite.xml
at org.testng.internal.Parameters.createParams(Parameters.java:290)
at org.testng.internal.Parameters.createParametersForMethod(Parameters.java:359)
at org.testng.internal.Parameters.createParameters(Parameters.java:620)
at org.testng.internal.Parameters.createConfigurationParameters(Parameters.java:190)
at org.testng.internal.Invoker.invokeConfigurations(Invoker.java:209)
at org.testng.internal.Invoker.invokeConfigurations(Invoker.java:142)
at org.testng.internal.TestMethodWorker.invokeBeforeClassMethods(TestMethodWorker.java:168)
at org.testng.internal.TestMethodWorker.run(TestMethodWorker.java:105)
at org.testng.TestRunner.privateRun(TestRunner.java:648)
at org.testng.TestRunner.run(TestRunner.java:505)
at org.testng.SuiteRunner.runTest(SuiteRunner.java:455)
at org.testng.SuiteRunner.runSequentially(SuiteRunner.java:450)
at org.testng.SuiteRunner.privateRun(SuiteRunner.java:415)
at org.testng.SuiteRunner.run(SuiteRunner.java:364)
at org.testng.SuiteRunnerWorker.runSuite(SuiteRunnerWorker.java:52)
at org.testng.SuiteRunnerWorker.run(SuiteRunnerWorker.java:84)
at org.testng.TestNG.runSuitesSequentially(TestNG.java:1208)
at org.testng.TestNG.runSuitesLocally(TestNG.java:1137)
at org.testng.TestNG.runSuites(TestNG.java:1049)
at org.testng.TestNG.run(TestNG.java:1017)
at org.testng.remote.AbstractRemoteTestNG.run(AbstractRemoteTestNG.java:132)
at org.testng.remote.RemoteTestNG.initAndRun(RemoteTestNG.java:230)
at org.testng.remote.RemoteTestNG.main(RemoteTestNG.java:76)
]]>
    </failure>
  </testcase> <!-- @BeforeClass beforeClass -->
  <testcase name="@AfterMethod getResult" time="0.0" classname="testcases.RAIS.CRUD_Operation_Tests">
    <skipped/>
  </testcase> <!-- @AfterMethod getResult -->
  <testcase name="@AfterClass afterClass" time="0.0" classname="testcases.RAIS.CRUD_Operation_Tests">
    <skipped/>
  </testcase> <!-- @AfterClass afterClass -->
  <testcase name="@AfterTest tearDown" time="0.0" classname="testcases.RAIS.CRUD_Operation_Tests">
    <skipped/>
  </testcase> <!-- @AfterTest tearDown -->
  <testcase name="BusinessEntity_RecordCRUD_Operations_Admin_CommonTable" time="0.0" classname="testcases.RAIS.CRUD_Operation_Tests">
    <skipped/>
  </testcase> <!-- BusinessEntity_RecordCRUD_Operations_Admin_CommonTable -->
  <testcase name="SecurityRole_CRUD_Operations" time="0.0" classname="testcases.RAIS.CRUD_Operation_Tests">
    <ignored/>
  </testcase> <!-- SecurityRole_CRUD_Operations -->
  <testcase name="testPending" time="0.0" classname="testcases.RAIS.CRUD_Operation_Tests">
    <ignored/>
  </testcase> <!-- testPending -->
  <testcase name="verifyDefaultroleFR_validations" time="0.0" classname="testcases.RAIS.CRUD_Operation_Tests">
    <ignored/>
  </testcase> <!-- verifyDefaultroleFR_validations -->
  <testcase name="BusinessEntity_RecordCRUD_Operations_Inv_Res_Inventory" time="0.0" classname="testcases.RAIS.CRUD_Operation_Tests">
    <ignored/>
  </testcase> <!-- BusinessEntity_RecordCRUD_Operations_Inv_Res_Inventory -->
  <testcase name="verifyDefaultroleDR_Permissions_Restrictions" time="0.0" classname="testcases.RAIS.CRUD_Operation_Tests">
    <ignored/>
  </testcase> <!-- verifyDefaultroleDR_Permissions_Restrictions -->
  <testcase name="Entity_Type_InvWithHistory_CRUD_Operations" time="0.0" classname="testcases.RAIS.CRUD_Operation_Tests">
    <ignored/>
  </testcase> <!-- Entity_Type_InvWithHistory_CRUD_Operations -->
  <testcase name="DataRole_CreateEditDeleteRole" time="0.0" classname="testcases.RAIS.CRUD_Operation_Tests">
    <ignored/>
  </testcase> <!-- DataRole_CreateEditDeleteRole -->
  <testcase name="Entity_Type_Master_CRUD_Operations" time="0.0" classname="testcases.RAIS.CRUD_Operation_Tests">
    <ignored/>
  </testcase> <!-- Entity_Type_Master_CRUD_Operations -->
  <testcase name="Entity_Type_Inventory_CRUD_Operations" time="0.0" classname="testcases.RAIS.CRUD_Operation_Tests">
    <ignored/>
  </testcase> <!-- Entity_Type_Inventory_CRUD_Operations -->
  <testcase name="UserProfile_Validation" time="0.0" classname="testcases.RAIS.CRUD_Operation_Tests">
    <ignored/>
  </testcase> <!-- UserProfile_Validation -->
  <testcase name="BusinessEntity_RecordCRUD_Operations_Inv_Res_Resources" time="0.0" classname="testcases.RAIS.CRUD_Operation_Tests">
    <ignored/>
  </testcase> <!-- BusinessEntity_RecordCRUD_Operations_Inv_Res_Resources -->
  <testcase name="FunctionalRole_CRUD_Operations" time="0.0" classname="testcases.RAIS.CRUD_Operation_Tests">
    <ignored/>
  </testcase> <!-- FunctionalRole_CRUD_Operations -->
  <testcase name="DataRole_Permissions_CRUDoperations" time="0.0" classname="testcases.RAIS.CRUD_Operation_Tests">
    <ignored/>
  </testcase> <!-- DataRole_Permissions_CRUDoperations -->
</testsuite> <!-- Default test -->
