<?xml version="1.0" encoding="UTF-8"?>
<!-- Generated by org.testng.reporters.JUnitXMLReporter -->
<testsuite hostname="SEZ-LAP-123" ignored="2" name="Maven and testngTest" tests="7" failures="2" timestamp="03 Sep 2019 13:19:51 GMT" time="70.976" errors="0">
  <testcase name="LoginScreen_Default" time="10.521" classname="testcases.RAIS.SanityTestPack_TEMP"/>
  <testcase name="LoginApplication" time="11.324" classname="testcases.RAIS.SanityTestPack_TEMP"/>
  <testcase name="LoginScreen_Temp1" time="0.007" classname="testcases.RAIS.SanityTestPack_TEMP">
    <failure type="java.lang.AssertionError" message="expected [true] but found [false]">
      <![CDATA[java.lang.AssertionError: expected [true] but found [false]
at testcases.RAIS.SanityTestPack_TEMP.LoginScreen_Temp1(SanityTestPack_TEMP.java:193)
... Removed 29 stack frames]]>
    </failure>
  </testcase> <!-- LoginScreen_Temp1 -->
  <testcase name="DataRole_AddNewPermission_Validation" time="20.238" classname="testcases.RAIS.SanityTestPack_TEMP"/>
  <testcase name="DataRole_AddNewRestriction_Validation" time="19.839" classname="testcases.RAIS.SanityTestPack_TEMP"/>
  <testcase name="passed_2" time="3.005" classname="testcases.RAIS.SanityTestPack_TEMP"/>
  <testcase name="passed_3" time="0.006" classname="testcases.RAIS.SanityTestPack_TEMP">
    <failure type="java.lang.AssertionError" message="expected [true] but found [false]">
      <![CDATA[java.lang.AssertionError: expected [true] but found [false]
at testcases.RAIS.SanityTestPack_TEMP.passed_3(SanityTestPack_TEMP.java:606)
... Removed 29 stack frames]]>
    </failure>
  </testcase> <!-- passed_3 -->
  <testcase name="DataRole_AddNewPermission_ValidationOld" time="0.0" classname="testcases.RAIS.SanityTestPack_TEMP">
    <ignored/>
  </testcase> <!-- DataRole_AddNewPermission_ValidationOld -->
  <testcase name="ReadEntityTable" time="0.0" classname="testcases.RAIS.SanityTestPack_TEMP">
    <ignored/>
  </testcase> <!-- ReadEntityTable -->
</testsuite> <!-- Maven and testngTest -->
