<?xml version="1.0" encoding="UTF-8"?>
<!-- Generated by org.testng.reporters.JUnitXMLReporter -->
<testsuite hostname="SEZ-LAP-123" ignored="1" name="RAIS Test Suite Run for Chrome Browser" tests="1" failures="1" timestamp="23 Jan 2020 14:26:28 GMT" time="214.003" errors="0">
  <testcase name="TestData_Entity_AttributeCreation" time="206.971" classname="testcases.RAIS.TestData_creation">
    <failure type="java.lang.AssertionError" message="expected [RAIS+] but found [null]">
      <![CDATA[java.lang.AssertionError: expected [RAIS+] but found [null]
at testcases.RAIS.TestData_creation.TestData_Entity_AttributeCreation(TestData_creation.java:743)
... Removed 31 stack frames]]>
    </failure>
  </testcase> <!-- TestData_Entity_AttributeCreation -->
  <testcase name="E2E_Publish_Custom_Entity" time="0.0" classname="testcases.RAIS.TestData_creation">
    <ignored/>
  </testcase> <!-- E2E_Publish_Custom_Entity -->
</testsuite> <!-- RAIS Test Suite Run for Chrome Browser -->
