<?xml version="1.0" encoding="UTF-8"?>
<!-- Generated by org.testng.reporters.JUnitXMLReporter -->
<testsuite hostname="SEZ-LAP-123" ignored="3" name="RAIS Test Suite Run for Fire Fox Browser" tests="6" failures="2" timestamp="06 Sep 2019 09:37:41 GMT" time="64.08" errors="0">
  <testcase name="LoginScreen_Default" time="0.128" classname="testcases.RAIS.SanityTestPack_Final">
    <failure type="java.lang.AssertionError" message="expected [Internal Login] but found [External Login]">
      <![CDATA[java.lang.AssertionError: expected [Internal Login] but found [External Login]
at testcases.RAIS.SanityTestPack_Final.LoginScreen_Default(SanityTestPack_Final.java:93)
... Removed 31 stack frames]]>
    </failure>
  </testcase> <!-- LoginScreen_Default -->
  <testcase name="LoginApplication" time="9.523" classname="testcases.RAIS.SanityTestPack_Final"/>
  <testcase name="DataRole_AddNewPermission_Validation" time="22.898" classname="testcases.RAIS.SanityTestPack_Final"/>
  <testcase name="DataRole_AddNewRestriction_Validation" time="23.104" classname="testcases.RAIS.SanityTestPack_Final"/>
  <testcase name="passed_2" time="3.003" classname="testcases.RAIS.SanityTestPack_Final"/>
  <testcase name="passed_3" time="0.002" classname="testcases.RAIS.SanityTestPack_Final">
    <failure type="java.lang.AssertionError" message="expected [true] but found [false]">
      <![CDATA[java.lang.AssertionError: expected [true] but found [false]
at testcases.RAIS.SanityTestPack_Final.passed_3(SanityTestPack_Final.java:614)
... Removed 29 stack frames]]>
    </failure>
  </testcase> <!-- passed_3 -->
  <testcase name="DataRole_AddNewPermission_ValidationOld" time="0.0" classname="testcases.RAIS.SanityTestPack_Final">
    <ignored/>
  </testcase> <!-- DataRole_AddNewPermission_ValidationOld -->
  <testcase name="ReadEntityTable" time="0.0" classname="testcases.RAIS.SanityTestPack_Final">
    <ignored/>
  </testcase> <!-- ReadEntityTable -->
  <testcase name="LoginScreen_Temp1" time="0.0" classname="testcases.RAIS.SanityTestPack_Final">
    <ignored/>
  </testcase> <!-- LoginScreen_Temp1 -->
</testsuite> <!-- RAIS Test Suite Run for Fire Fox Browser -->
