<?xml version="1.0" encoding="UTF-8"?>
<!-- Generated by org.testng.reporters.JUnitXMLReporter -->
<testsuite hostname="SEZ-LAP-123" ignored="0" name="RAIS Maven Test" tests="2" failures="1" timestamp="19 Aug 2019 13:34:50 GMT" time="8.994" errors="0">
  <testcase name="LoginScreen_Default" time="3.011" classname="testcases.RAIS.SanityTestPack_Final"/>
  <testcase name="LoginApplication" time="0.484" classname="testcases.RAIS.SanityTestPack_Final">
    <failure type="java.lang.AssertionError" message="expected [true] but found [false]">
      <![CDATA[java.lang.AssertionError: expected [true] but found [false]
at testcases.RAIS.SanityTestPack_Final.LoginApplication(SanityTestPack_Final.java:69)
... Removed 29 stack frames]]>
    </failure>
  </testcase> <!-- LoginApplication -->
</testsuite> <!-- RAIS Maven Test -->
