<?xml version="1.0" encoding="UTF-8"?>
<testng-results skipped="0" failed="1" ignored="1" total="2" passed="0">
  <reporter-output>
  </reporter-output>
  <suite name="RAIS Test Automation" duration-ms="214003" started-at="2020-01-23T14:22:54Z" finished-at="2020-01-23T14:26:28Z">
    <groups>
    </groups>
    <test name="RAIS Test Suite Run for Chrome Browser" duration-ms="214003" started-at="2020-01-23T14:22:54Z" finished-at="2020-01-23T14:26:28Z">
      <class name="testcases.RAIS.TestData_creation">
        <test-method status="PASS" signature="beforeClass()[pri:0, instance:testcases.RAIS.TestData_creation@1d29cf23]" name="beforeClass" is-config="true" duration-ms="5940" started-at="2020-01-23T14:22:54Z" finished-at="2020-01-23T14:23:00Z">
          <reporter-output>
          </reporter-output>
        </test-method> <!-- beforeClass -->
        <test-method status="FAIL" signature="TestData_Entity_AttributeCreation()[pri:2, instance:testcases.RAIS.TestData_creation@1d29cf23]" name="TestData_Entity_AttributeCreation" duration-ms="206971" started-at="2020-01-23T14:23:00Z" finished-at="2020-01-23T14:26:27Z">
          <exception class="java.lang.AssertionError">
            <message>
              <![CDATA[expected [RAIS+] but found [null]]]>
            </message>
            <full-stacktrace>
              <![CDATA[java.lang.AssertionError: expected [RAIS+] but found [null]
at org.testng.Assert.fail(Assert.java:96)
at org.testng.Assert.failNotEquals(Assert.java:776)
at org.testng.Assert.assertEqualsImpl(Assert.java:132)
at org.testng.Assert.assertEquals(Assert.java:118)
at org.testng.Assert.assertEquals(Assert.java:453)
at org.testng.Assert.assertEquals(Assert.java:463)
at testcases.RAIS.TestData_creation.TestData_Entity_AttributeCreation(TestData_creation.java:743)
at sun.reflect.NativeMethodAccessorImpl.invoke0(Native Method)
at sun.reflect.NativeMethodAccessorImpl.invoke(NativeMethodAccessorImpl.java:62)
at sun.reflect.DelegatingMethodAccessorImpl.invoke(DelegatingMethodAccessorImpl.java:43)
at java.lang.reflect.Method.invoke(Method.java:498)
at org.testng.internal.MethodInvocationHelper.invokeMethod(MethodInvocationHelper.java:124)
at org.testng.internal.Invoker.invokeMethod(Invoker.java:583)
at org.testng.internal.Invoker.invokeTestMethod(Invoker.java:719)
at org.testng.internal.Invoker.invokeTestMethods(Invoker.java:989)
at org.testng.internal.TestMethodWorker.invokeTestMethods(TestMethodWorker.java:125)
at org.testng.internal.TestMethodWorker.run(TestMethodWorker.java:109)
at org.testng.TestRunner.privateRun(TestRunner.java:648)
at org.testng.TestRunner.run(TestRunner.java:505)
at org.testng.SuiteRunner.runTest(SuiteRunner.java:455)
at org.testng.SuiteRunner.runSequentially(SuiteRunner.java:450)
at org.testng.SuiteRunner.privateRun(SuiteRunner.java:415)
at org.testng.SuiteRunner.run(SuiteRunner.java:364)
at org.testng.SuiteRunnerWorker.runSuite(SuiteRunnerWorker.java:52)
at org.testng.SuiteRunnerWorker.run(SuiteRunnerWorker.java:84)
at org.testng.TestNG.runSuitesSequentially(TestNG.java:1208)
at org.testng.TestNG.runSuitesLocally(TestNG.java:1137)
at org.testng.TestNG.runSuites(TestNG.java:1049)
at org.testng.TestNG.run(TestNG.java:1017)
at org.testng.remote.AbstractRemoteTestNG.run(AbstractRemoteTestNG.java:132)
at org.testng.remote.RemoteTestNG.initAndRun(RemoteTestNG.java:230)
at org.testng.remote.RemoteTestNG.main(RemoteTestNG.java:76)
]]>
            </full-stacktrace>
          </exception> <!-- java.lang.AssertionError -->
          <reporter-output>
          </reporter-output>
        </test-method> <!-- TestData_Entity_AttributeCreation -->
        <test-method status="PASS" signature="getResult(org.testng.ITestResult)[pri:0, instance:testcases.RAIS.TestData_creation@1d29cf23]" name="getResult" is-config="true" duration-ms="0" started-at="2020-01-23T14:26:27Z" finished-at="2020-01-23T14:26:27Z">
          <params>
            <param index="0">
              <value>
                <![CDATA[[TestResult name=TestData_Entity_AttributeCreation status=FAILURE method=TestData_creation.TestData_Entity_AttributeCreation()[pri:2, instance:testcases.RAIS.TestData_creation@1d29cf23] output={null}]]]>
              </value>
            </param>
          </params>
          <reporter-output>
          </reporter-output>
        </test-method> <!-- getResult -->
        <test-method status="PASS" signature="afterClass()[pri:0, instance:testcases.RAIS.TestData_creation@1d29cf23]" name="afterClass" is-config="true" duration-ms="750" started-at="2020-01-23T14:26:27Z" finished-at="2020-01-23T14:26:28Z">
          <reporter-output>
          </reporter-output>
        </test-method> <!-- afterClass -->
        <test-method status="PASS" signature="tearDown()[pri:0, instance:testcases.RAIS.TestData_creation@1d29cf23]" name="tearDown" is-config="true" duration-ms="281" started-at="2020-01-23T14:26:28Z" finished-at="2020-01-23T14:26:28Z">
          <reporter-output>
          </reporter-output>
        </test-method> <!-- tearDown -->
        <test-method status="PASS" signature="afterSuite()[pri:0, instance:testcases.RAIS.TestData_creation@1d29cf23]" name="afterSuite" is-config="true" duration-ms="0" started-at="2020-01-23T14:26:28Z" finished-at="2020-01-23T14:26:28Z">
          <reporter-output>
          </reporter-output>
        </test-method> <!-- afterSuite -->
      </class> <!-- testcases.RAIS.TestData_creation -->
    </test> <!-- RAIS Test Suite Run for Chrome Browser -->
  </suite> <!-- RAIS Test Automation -->
</testng-results>
